mode: atomic
github.com/pakerfeldt/lovi/pkg/core/core.go:15.18,21.45 3 0
github.com/pakerfeldt/lovi/pkg/core/core.go:25.2,27.39 3 0
github.com/pakerfeldt/lovi/pkg/core/core.go:21.45,23.3 1 0
github.com/pakerfeldt/lovi/pkg/core/core.go:31.44,33.9 2 1
github.com/pakerfeldt/lovi/pkg/core/core.go:36.2,36.17 1 0
github.com/pakerfeldt/lovi/pkg/core/core.go:42.2,42.12 1 0
github.com/pakerfeldt/lovi/pkg/core/core.go:33.9,35.3 1 1
github.com/pakerfeldt/lovi/pkg/core/core.go:36.17,39.3 2 0
github.com/pakerfeldt/lovi/pkg/core/core.go:39.3,41.3 1 0
github.com/pakerfeldt/lovi/pkg/core/core.go:45.78,46.25 1 0
github.com/pakerfeldt/lovi/pkg/core/core.go:46.25,47.46 1 0
github.com/pakerfeldt/lovi/pkg/core/core.go:47.46,51.4 3 0
github.com/pakerfeldt/lovi/pkg/core/core.go:52.3,56.3 3 0
github.com/pakerfeldt/lovi/pkg/core/core.go:59.98,60.12 1 0
github.com/pakerfeldt/lovi/pkg/core/core.go:60.12,63.15 3 0
github.com/pakerfeldt/lovi/pkg/core/core.go:63.15,65.114 2 0
github.com/pakerfeldt/lovi/pkg/core/core.go:65.114,68.5 2 0
github.com/pakerfeldt/lovi/pkg/core/core.go:68.5,71.5 2 0
github.com/pakerfeldt/lovi/pkg/core/core.go:72.4,74.4 1 0
github.com/pakerfeldt/lovi/pkg/core/unacked-alerts.go:13.46,17.2 1 0
github.com/pakerfeldt/lovi/pkg/core/unacked-alerts.go:19.76,24.2 4 0
github.com/pakerfeldt/lovi/pkg/core/unacked-alerts.go:26.48,30.2 3 0
github.com/pakerfeldt/lovi/pkg/core/unacked-alerts.go:32.67,36.2 3 0
mode: atomic
github.com/pakerfeldt/lovi/pkg/core/core.go:15.41,17.14 2 2
github.com/pakerfeldt/lovi/pkg/core/core.go:17.14,18.51 1 0
github.com/pakerfeldt/lovi/pkg/core/core.go:22.13,24.2 1 1
github.com/pakerfeldt/lovi/pkg/core/core.go:26.18,31.45 2 1
github.com/pakerfeldt/lovi/pkg/core/core.go:35.2,37.39 3 1
github.com/pakerfeldt/lovi/pkg/core/core.go:31.45,33.3 1 1
github.com/pakerfeldt/lovi/pkg/core/core.go:41.44,43.9 2 2
github.com/pakerfeldt/lovi/pkg/core/core.go:46.2,46.17 1 1
github.com/pakerfeldt/lovi/pkg/core/core.go:52.2,52.12 1 1
github.com/pakerfeldt/lovi/pkg/core/core.go:43.9,45.3 1 1
github.com/pakerfeldt/lovi/pkg/core/core.go:46.17,49.3 2 1
github.com/pakerfeldt/lovi/pkg/core/core.go:49.3,51.3 1 0
github.com/pakerfeldt/lovi/pkg/core/core.go:55.78,56.25 1 1
github.com/pakerfeldt/lovi/pkg/core/core.go:56.25,57.46 1 1
github.com/pakerfeldt/lovi/pkg/core/core.go:57.46,61.4 3 2
github.com/pakerfeldt/lovi/pkg/core/core.go:62.3,66.3 3 0
github.com/pakerfeldt/lovi/pkg/core/core.go:69.98,70.12 1 2
github.com/pakerfeldt/lovi/pkg/core/core.go:70.12,73.15 3 2
github.com/pakerfeldt/lovi/pkg/core/core.go:73.15,75.114 2 1
github.com/pakerfeldt/lovi/pkg/core/core.go:75.114,78.5 2 0
github.com/pakerfeldt/lovi/pkg/core/core.go:78.5,81.5 2 1
github.com/pakerfeldt/lovi/pkg/core/core.go:82.4,84.4 1 0
github.com/pakerfeldt/lovi/pkg/core/unacked-alerts.go:13.46,17.2 1 1
github.com/pakerfeldt/lovi/pkg/core/unacked-alerts.go:19.76,24.2 4 1
github.com/pakerfeldt/lovi/pkg/core/unacked-alerts.go:26.48,30.2 3 0
github.com/pakerfeldt/lovi/pkg/core/unacked-alerts.go:32.67,36.2 3 1
mode: atomic
github.com/pakerfeldt/lovi/pkg/core/core.go:15.41,17.14 2 2
github.com/pakerfeldt/lovi/pkg/core/core.go:20.2,20.32 1 1
github.com/pakerfeldt/lovi/pkg/core/core.go:17.14,18.51 1 1
github.com/pakerfeldt/lovi/pkg/core/core.go:23.47,25.14 2 2
github.com/pakerfeldt/lovi/pkg/core/core.go:28.2,28.40 1 1
github.com/pakerfeldt/lovi/pkg/core/core.go:25.14,26.53 1 1
github.com/pakerfeldt/lovi/pkg/core/core.go:31.13,34.2 2 1
github.com/pakerfeldt/lovi/pkg/core/core.go:36.18,40.2 3 1
github.com/pakerfeldt/lovi/pkg/core/core.go:43.44,45.9 2 2
github.com/pakerfeldt/lovi/pkg/core/core.go:48.2,48.17 1 0
github.com/pakerfeldt/lovi/pkg/core/core.go:54.2,54.12 1 0
github.com/pakerfeldt/lovi/pkg/core/core.go:45.9,47.3 1 2
github.com/pakerfeldt/lovi/pkg/core/core.go:48.17,51.3 2 0
github.com/pakerfeldt/lovi/pkg/core/core.go:51.3,53.3 1 0
github.com/pakerfeldt/lovi/pkg/core/core.go:57.78,58.25 1 0
github.com/pakerfeldt/lovi/pkg/core/core.go:58.25,59.46 1 0
github.com/pakerfeldt/lovi/pkg/core/core.go:59.46,63.4 3 0
github.com/pakerfeldt/lovi/pkg/core/core.go:64.3,68.3 3 0
github.com/pakerfeldt/lovi/pkg/core/core.go:71.98,72.12 1 0
github.com/pakerfeldt/lovi/pkg/core/core.go:72.12,75.15 3 0
github.com/pakerfeldt/lovi/pkg/core/core.go:75.15,77.114 2 0
github.com/pakerfeldt/lovi/pkg/core/core.go:77.114,80.5 2 0
github.com/pakerfeldt/lovi/pkg/core/core.go:80.5,83.5 2 0
github.com/pakerfeldt/lovi/pkg/core/core.go:84.4,86.4 1 0
github.com/pakerfeldt/lovi/pkg/core/unacked-alerts.go:13.46,17.2 1 1
github.com/pakerfeldt/lovi/pkg/core/unacked-alerts.go:19.76,24.2 4 0
github.com/pakerfeldt/lovi/pkg/core/unacked-alerts.go:26.48,30.2 3 0
github.com/pakerfeldt/lovi/pkg/core/unacked-alerts.go:32.67,36.2 3 0
mode: atomic
github.com/pakerfeldt/lovi/pkg/core/unacked-alerts.go:13.46,17.2 1 1
github.com/pakerfeldt/lovi/pkg/core/unacked-alerts.go:19.76,24.2 4 1
github.com/pakerfeldt/lovi/pkg/core/unacked-alerts.go:26.48,30.2 3 0
github.com/pakerfeldt/lovi/pkg/core/unacked-alerts.go:32.67,36.2 3 0
github.com/pakerfeldt/lovi/pkg/core/core.go:14.41,16.14 2 3
github.com/pakerfeldt/lovi/pkg/core/core.go:19.2,19.32 1 2
github.com/pakerfeldt/lovi/pkg/core/core.go:16.14,17.51 1 1
github.com/pakerfeldt/lovi/pkg/core/core.go:22.47,24.14 2 2
github.com/pakerfeldt/lovi/pkg/core/core.go:27.2,27.40 1 1
github.com/pakerfeldt/lovi/pkg/core/core.go:24.14,25.53 1 1
github.com/pakerfeldt/lovi/pkg/core/core.go:30.13,34.2 3 1
github.com/pakerfeldt/lovi/pkg/core/core.go:37.44,39.9 2 2
github.com/pakerfeldt/lovi/pkg/core/core.go:42.2,42.17 1 1
github.com/pakerfeldt/lovi/pkg/core/core.go:48.2,48.12 1 1
github.com/pakerfeldt/lovi/pkg/core/core.go:39.9,41.3 1 1
github.com/pakerfeldt/lovi/pkg/core/core.go:42.17,45.3 2 0
github.com/pakerfeldt/lovi/pkg/core/core.go:45.3,47.3 1 1
github.com/pakerfeldt/lovi/pkg/core/core.go:51.78,52.25 1 1
github.com/pakerfeldt/lovi/pkg/core/core.go:52.25,53.46 1 0
github.com/pakerfeldt/lovi/pkg/core/core.go:53.46,57.4 3 0
github.com/pakerfeldt/lovi/pkg/core/core.go:58.3,62.3 3 1
github.com/pakerfeldt/lovi/pkg/core/core.go:65.98,66.12 1 0
github.com/pakerfeldt/lovi/pkg/core/core.go:66.12,69.15 3 0
github.com/pakerfeldt/lovi/pkg/core/core.go:69.15,71.114 2 0
github.com/pakerfeldt/lovi/pkg/core/core.go:71.114,74.5 2 0
github.com/pakerfeldt/lovi/pkg/core/core.go:74.5,77.5 2 0
github.com/pakerfeldt/lovi/pkg/core/core.go:78.4,80.4 1 0
mode: atomic
github.com/pakerfeldt/lovi/pkg/core/core.go:14.41,16.14 2 3
github.com/pakerfeldt/lovi/pkg/core/core.go:19.2,19.32 1 2
github.com/pakerfeldt/lovi/pkg/core/core.go:16.14,17.51 1 1
github.com/pakerfeldt/lovi/pkg/core/core.go:22.47,24.14 2 3
github.com/pakerfeldt/lovi/pkg/core/core.go:27.2,27.40 1 2
github.com/pakerfeldt/lovi/pkg/core/core.go:24.14,25.53 1 1
github.com/pakerfeldt/lovi/pkg/core/core.go:30.15,34.2 3 1
github.com/pakerfeldt/lovi/pkg/core/core.go:36.13,40.2 3 1
github.com/pakerfeldt/lovi/pkg/core/core.go:43.44,45.9 2 2
github.com/pakerfeldt/lovi/pkg/core/core.go:48.2,48.17 1 1
github.com/pakerfeldt/lovi/pkg/core/core.go:54.2,54.12 1 1
github.com/pakerfeldt/lovi/pkg/core/core.go:45.9,47.3 1 1
github.com/pakerfeldt/lovi/pkg/core/core.go:48.17,51.3 2 0
github.com/pakerfeldt/lovi/pkg/core/core.go:51.3,53.3 1 1
github.com/pakerfeldt/lovi/pkg/core/core.go:57.78,58.25 1 1
github.com/pakerfeldt/lovi/pkg/core/core.go:58.25,59.46 1 0
github.com/pakerfeldt/lovi/pkg/core/core.go:59.46,63.4 3 0
github.com/pakerfeldt/lovi/pkg/core/core.go:64.3,68.3 3 1
github.com/pakerfeldt/lovi/pkg/core/core.go:71.98,72.12 1 0
github.com/pakerfeldt/lovi/pkg/core/core.go:72.12,75.15 3 0
github.com/pakerfeldt/lovi/pkg/core/core.go:75.15,77.114 2 0
github.com/pakerfeldt/lovi/pkg/core/core.go:77.114,80.5 2 0
github.com/pakerfeldt/lovi/pkg/core/core.go:80.5,83.5 2 0
github.com/pakerfeldt/lovi/pkg/core/core.go:84.4,86.4 1 0
github.com/pakerfeldt/lovi/pkg/core/unacked-alerts.go:13.46,17.2 1 2
github.com/pakerfeldt/lovi/pkg/core/unacked-alerts.go:19.76,24.2 4 1
github.com/pakerfeldt/lovi/pkg/core/unacked-alerts.go:26.48,30.2 3 0
github.com/pakerfeldt/lovi/pkg/core/unacked-alerts.go:32.67,36.2 3 0
mode: atomic
github.com/pakerfeldt/lovi/pkg/core/core.go:14.41,16.14 2 3
github.com/pakerfeldt/lovi/pkg/core/core.go:19.2,19.32 1 2
github.com/pakerfeldt/lovi/pkg/core/core.go:16.14,17.51 1 1
github.com/pakerfeldt/lovi/pkg/core/core.go:22.47,24.14 2 3
github.com/pakerfeldt/lovi/pkg/core/core.go:27.2,27.40 1 2
github.com/pakerfeldt/lovi/pkg/core/core.go:24.14,25.53 1 1
github.com/pakerfeldt/lovi/pkg/core/core.go:30.19,34.2 3 5
github.com/pakerfeldt/lovi/pkg/core/core.go:36.13,38.2 1 1
github.com/pakerfeldt/lovi/pkg/core/core.go:41.44,43.9 2 2
github.com/pakerfeldt/lovi/pkg/core/core.go:46.2,46.17 1 1
github.com/pakerfeldt/lovi/pkg/core/core.go:52.2,52.12 1 1
github.com/pakerfeldt/lovi/pkg/core/core.go:43.9,45.3 1 1
github.com/pakerfeldt/lovi/pkg/core/core.go:46.17,49.3 2 0
github.com/pakerfeldt/lovi/pkg/core/core.go:49.3,51.3 1 1
github.com/pakerfeldt/lovi/pkg/core/core.go:55.78,56.25 1 1
github.com/pakerfeldt/lovi/pkg/core/core.go:56.25,57.46 1 0
github.com/pakerfeldt/lovi/pkg/core/core.go:57.46,61.4 3 0
github.com/pakerfeldt/lovi/pkg/core/core.go:62.3,66.3 3 1
github.com/pakerfeldt/lovi/pkg/core/core.go:69.98,70.12 1 0
github.com/pakerfeldt/lovi/pkg/core/core.go:70.12,73.15 3 0
github.com/pakerfeldt/lovi/pkg/core/core.go:73.15,75.114 2 0
github.com/pakerfeldt/lovi/pkg/core/core.go:75.114,78.5 2 0
github.com/pakerfeldt/lovi/pkg/core/core.go:78.5,81.5 2 0
github.com/pakerfeldt/lovi/pkg/core/core.go:82.4,84.4 1 0
github.com/pakerfeldt/lovi/pkg/core/unacked-alerts.go:13.46,17.2 1 5
github.com/pakerfeldt/lovi/pkg/core/unacked-alerts.go:19.76,24.2 4 1
github.com/pakerfeldt/lovi/pkg/core/unacked-alerts.go:26.48,30.2 3 0
github.com/pakerfeldt/lovi/pkg/core/unacked-alerts.go:32.67,36.2 3 0
mode: atomic
github.com/pakerfeldt/lovi/pkg/core/core.go:14.38,16.14 2 3
github.com/pakerfeldt/lovi/pkg/core/core.go:19.2,19.30 1 2
github.com/pakerfeldt/lovi/pkg/core/core.go:16.14,17.66 1 1
github.com/pakerfeldt/lovi/pkg/core/core.go:22.47,24.14 2 3
github.com/pakerfeldt/lovi/pkg/core/core.go:27.2,27.40 1 2
github.com/pakerfeldt/lovi/pkg/core/core.go:24.14,25.74 1 1
github.com/pakerfeldt/lovi/pkg/core/core.go:30.19,34.2 3 5
github.com/pakerfeldt/lovi/pkg/core/core.go:36.13,38.2 1 1
github.com/pakerfeldt/lovi/pkg/core/core.go:41.44,43.9 2 2
github.com/pakerfeldt/lovi/pkg/core/core.go:46.2,46.16 1 1
github.com/pakerfeldt/lovi/pkg/core/core.go:52.2,52.12 1 1
github.com/pakerfeldt/lovi/pkg/core/core.go:43.9,45.3 1 1
github.com/pakerfeldt/lovi/pkg/core/core.go:46.16,49.3 2 0
github.com/pakerfeldt/lovi/pkg/core/core.go:49.3,51.3 1 1
github.com/pakerfeldt/lovi/pkg/core/core.go:55.76,56.24 1 1
github.com/pakerfeldt/lovi/pkg/core/core.go:56.24,57.45 1 0
github.com/pakerfeldt/lovi/pkg/core/core.go:57.45,61.4 3 0
github.com/pakerfeldt/lovi/pkg/core/core.go:62.3,66.3 3 1
github.com/pakerfeldt/lovi/pkg/core/core.go:69.96,70.12 1 0
github.com/pakerfeldt/lovi/pkg/core/core.go:70.12,73.15 3 0
github.com/pakerfeldt/lovi/pkg/core/core.go:73.15,75.124 2 0
github.com/pakerfeldt/lovi/pkg/core/core.go:75.124,78.5 2 0
github.com/pakerfeldt/lovi/pkg/core/core.go:78.5,81.5 2 0
github.com/pakerfeldt/lovi/pkg/core/core.go:82.4,84.4 1 0
github.com/pakerfeldt/lovi/pkg/core/unacked-alerts.go:13.46,17.2 1 5
github.com/pakerfeldt/lovi/pkg/core/unacked-alerts.go:19.76,24.2 4 1
github.com/pakerfeldt/lovi/pkg/core/unacked-alerts.go:26.48,30.2 3 0
github.com/pakerfeldt/lovi/pkg/core/unacked-alerts.go:32.67,36.2 3 0
